/*C30*/SET SCHEMA PUBLIC
CREATE TABLE IF NOT EXISTS user (userID VARCHAR(20) NOT NULL,PRIMARY KEY (userID))
CREATE TABLE IF NOT EXISTS  posts (postOwnID INTEGER NOT NULL,postType VARCHAR(10) NOT NULL,title VARCHAR(20) NOT NULL,description VARCHAR(80),status VARCHAR(10) NOT NULL,photo VARCHAR(50),userID VARCHAR(20) NOT NULL,PRIMARY KEY (postOwnID),FOREIGN KEY (userID) REFERENCES user(userID))
CREATE TABLE IF NOT EXISTS  event (postOwnID INTEGER NOT NULL,venue VARCHAR(20) NOT NULL,date VARCHAR(20) NOT NULL,capacity VARCHAR(20) NOT NULL,attCount VARCHAR(20) NOT NULL,eventId VARCHAR(10) NOT NULL,PRIMARY KEY (eventId),FOREIGN KEY (postOwnID) REFERENCES posts(postOwnID))
CREATE TABLE IF NOT EXISTS  sale (postOwnID INTEGER NOT NULL,askPrice VARCHAR(20) NOT NULL,highOffer VARCHAR(20) NOT NULL,minRaise VARCHAR(20) NOT NULL,saleId VARCHAR(20) NOT NULL,PRIMARY KEY (saleId),FOREIGN KEY (postOwnID) REFERENCES posts(postOwnID))
CREATE TABLE IF NOT EXISTS  job (postOwnID INTEGER NOT NULL,jobId VARCHAR(20) NOT NULL,propPrice VARCHAR(20) NOT NULL,lowOffer VARCHAR(20) NOT NULL,PRIMARY KEY (jobId),FOREIGN KEY (postOwnID) REFERENCES posts(postOwnID))
CREATE TABLE IF NOT EXISTS  reply (replyId VARCHAR(20) NOT NULL,postOwnID INTEGER NOT NULL,respId VARCHAR(20) NOT NULL,offerValue FLOAT(20),PRIMARY KEY (replyId),FOREIGN KEY (postOwnID) REFERENCES posts(postOwnID),FOREIGN KEY (respId) REFERENCES user(userID))
/*C31*/SET SCHEMA PUBLIC
DISCONNECT
/*C32*/SET SCHEMA PUBLIC
DISCONNECT
/*C33*/SET SCHEMA PUBLIC
DISCONNECT
/*C34*/SET SCHEMA PUBLIC
DISCONNECT
/*C35*/SET SCHEMA PUBLIC
DISCONNECT
/*C36*/SET SCHEMA PUBLIC
DISCONNECT
/*C37*/SET SCHEMA PUBLIC
DISCONNECT
/*C38*/SET SCHEMA PUBLIC
DISCONNECT
/*C39*/SET SCHEMA PUBLIC
DISCONNECT
/*C40*/SET SCHEMA PUBLIC
DISCONNECT
/*C41*/SET SCHEMA PUBLIC
DISCONNECT
/*C42*/SET SCHEMA PUBLIC
DISCONNECT
/*C43*/SET SCHEMA PUBLIC
DISCONNECT
/*C44*/SET SCHEMA PUBLIC
DISCONNECT
/*C45*/SET SCHEMA PUBLIC
DISCONNECT
/*C46*/SET SCHEMA PUBLIC
DISCONNECT
/*C47*/SET SCHEMA PUBLIC
DISCONNECT
/*C48*/SET SCHEMA PUBLIC
DISCONNECT
/*C49*/SET SCHEMA PUBLIC
DISCONNECT
/*C50*/SET SCHEMA PUBLIC
DISCONNECT
/*C51*/SET SCHEMA PUBLIC
DISCONNECT
/*C52*/SET SCHEMA PUBLIC
DISCONNECT
/*C53*/SET SCHEMA PUBLIC
DISCONNECT
/*C54*/SET SCHEMA PUBLIC
DISCONNECT
/*C55*/SET SCHEMA PUBLIC
DISCONNECT
/*C56*/SET SCHEMA PUBLIC
DISCONNECT
/*C57*/SET SCHEMA PUBLIC
DISCONNECT
/*C30*/DISCONNECT
